<?xml version="1.0" encoding="UTF-8"?>
<!-- Generated by org.testng.reporters.JUnitReportReporter -->
<testsuite hostname="Meenhazs-Air.home" failures="0" tests="1" name="com.assurancewireless.coveragemap.LifeLineServiceTest" time="0.246" errors="0" timestamp="2021-01-12T22:42:46 EST" skipped="0">
  <testcase classname="com.assurancewireless.coveragemap.LifeLineServiceTest" name="Lifelineservice_whatislifelie" time="0.246"/>
</testsuite> <!-- com.assurancewireless.coveragemap.LifeLineServiceTest -->
